[ 2014-09-08T16:39:13+08:00 ] 127.0.0.1 /taglog/admin.php?m=index&a=index
ERR: Table 'taglog.tl_navigation' doesn't exist
 [ SQL语句 ] : SHOW COLUMNS FROM `tl_navigation`
ERR: Table 'taglog.tl_permission' doesn't exist
 [ SQL语句 ] : SHOW COLUMNS FROM `tl_permission`
ERR: Unknown column 'navigation' in 'field list'
 [ SQL语句 ] : SELECT `navigation` FROM `tl_user` WHERE ( user_id = 1 ) LIMIT 1  
ERR: Table 'taglog.tl_navigation' doesn't exist
 [ SQL语句 ] : SELECT * FROM `tl_navigation` 
ERR: You have an error in your SQL syntax; check the manual that corresponds to your MySQL server version for the right syntax to use near '%d )' at line 1
 [ SQL语句 ] : SELECT `url` FROM `tl_permission` WHERE ( position_id = %d ) 
ERR: Unknown column 'simple_menu' in 'field list'
 [ SQL语句 ] : SELECT `simple_menu` FROM `tl_user` WHERE ( user_id = 1 ) LIMIT 1  

[ 2014-09-08T16:39:16+08:00 ] 127.0.0.1 /taglog/admin.php?m=product&a=index
ERR: Table 'taglog.tl_navigation' doesn't exist
 [ SQL语句 ] : SHOW COLUMNS FROM `tl_navigation`
ERR: Table 'taglog.tl_permission' doesn't exist
 [ SQL语句 ] : SHOW COLUMNS FROM `tl_permission`
ERR: Unknown column 'navigation' in 'field list'
 [ SQL语句 ] : SELECT `navigation` FROM `tl_user` WHERE ( user_id = 1 ) LIMIT 1  
ERR: Table 'taglog.tl_navigation' doesn't exist
 [ SQL语句 ] : SELECT * FROM `tl_navigation` 
ERR: You have an error in your SQL syntax; check the manual that corresponds to your MySQL server version for the right syntax to use near '%d )' at line 1
 [ SQL语句 ] : SELECT `url` FROM `tl_permission` WHERE ( position_id = %d ) 
ERR: Unknown column 'simple_menu' in 'field list'
 [ SQL语句 ] : SELECT `simple_menu` FROM `tl_user` WHERE ( user_id = 1 ) LIMIT 1  

